<?xml version="1.0" encoding="UTF-8" ?>
<testsuites>
  <testsuite errors="0" failures="0" hostname="andre-HP-Pavilion-Laptop-14-bk0xx" id="0" name="FooTest" package="fiuba.algo3.ejemplo1" tests="2" time="0.563" timestamp="2018-11-03T21:45:02">
      <properties>
[...]
</properties>

      <testcase classname="fiuba.algo3.ejemplo1.FooTest" name="doFooShouldReturnFoo" time="0.22" />

      <testcase classname="fiuba.algo3.ejemplo1.FooTest" name="doBarShouldReturnBar" time="0.0" />

      <system-out><![CDATA[]]></system-out>

      <system-err><![CDATA[]]></system-err>

  </testsuite>
</testsuites>
